time="26.02.2023 23:07:23" level=info msg="[core] [Server #1] Server created" system=system
time="26.02.2023 23:07:23" level=error msg="invoke failed: could not build arguments for function \"github.com/lgu-elo/user/internal/app\".serve (/home/srkn/projects/lgu-elo/user/internal/app/app.go:60): failed to build *server.API: could not build arguments for function \"github.com/lgu-elo/user/internal/server\".NewAPI (/home/srkn/projects/lgu-elo/user/internal/server/server.go:15): failed to build user.IHandler: could not build arguments for function \"reflect\".makeFuncStub (/snap/go/current/src/reflect/asm_amd64.s:28): failed to build user.IService: could not build arguments for function \"reflect\".makeFuncStub (/snap/go/current/src/reflect/asm_amd64.s:28): failed to build user.Repository: could not build arguments for function \"reflect\".makeFuncStub (/snap/go/current/src/reflect/asm_amd64.s:28): failed to build *pgx.Conn: missing dependencies for function \"github.com/lgu-elo/user/internal/adapters/database\".New (/home/srkn/projects/lgu-elo/user/internal/adapters/database/connection.go:12): missing type: *fx.Lifecycle (did you mean fx.Lifecycle?)" function="github.com/lgu-elo/user/internal/app.serve()" module= stack="github.com/lgu-elo/user/internal/app.CreateApp\n\t/home/srkn/projects/lgu-elo/user/internal/app/app.go:56\ngithub.com/lgu-elo/user/internal/app.Run\n\t/home/srkn/projects/lgu-elo/user/internal/app/app.go:26\nmain.main\n\t/home/srkn/projects/lgu-elo/user/cmd/user/main.go:6\nruntime.main\n\t/snap/go/current/src/runtime/proc.go:250\n"
time="26.02.2023 23:07:23" level=error msg="start failed: could not build arguments for function \"github.com/lgu-elo/user/internal/app\".serve (/home/srkn/projects/lgu-elo/user/internal/app/app.go:60): failed to build *server.API: could not build arguments for function \"github.com/lgu-elo/user/internal/server\".NewAPI (/home/srkn/projects/lgu-elo/user/internal/server/server.go:15): failed to build user.IHandler: could not build arguments for function \"reflect\".makeFuncStub (/snap/go/current/src/reflect/asm_amd64.s:28): failed to build user.IService: could not build arguments for function \"reflect\".makeFuncStub (/snap/go/current/src/reflect/asm_amd64.s:28): failed to build user.Repository: could not build arguments for function \"reflect\".makeFuncStub (/snap/go/current/src/reflect/asm_amd64.s:28): failed to build *pgx.Conn: missing dependencies for function \"github.com/lgu-elo/user/internal/adapters/database\".New (/home/srkn/projects/lgu-elo/user/internal/adapters/database/connection.go:12): missing type: *fx.Lifecycle (did you mean fx.Lifecycle?)"
time="26.02.2023 23:08:36" level=info msg="[core] [Server #1] Server created" system=system
time="26.02.2023 23:08:36" level=error msg="invoke failed: could not build arguments for function \"github.com/lgu-elo/user/internal/app\".serve (/home/srkn/projects/lgu-elo/user/internal/app/app.go:60): failed to build *server.API: could not build arguments for function \"github.com/lgu-elo/user/internal/server\".NewAPI (/home/srkn/projects/lgu-elo/user/internal/server/server.go:15): failed to build user.IHandler: could not build arguments for function \"reflect\".makeFuncStub (/snap/go/current/src/reflect/asm_amd64.s:28): failed to build user.IService: could not build arguments for function \"reflect\".makeFuncStub (/snap/go/current/src/reflect/asm_amd64.s:28): failed to build user.Repository: could not build arguments for function \"reflect\".makeFuncStub (/snap/go/current/src/reflect/asm_amd64.s:28): failed to build *pgx.Conn: missing dependencies for function \"github.com/lgu-elo/user/internal/adapters/database\".New (/home/srkn/projects/lgu-elo/user/internal/adapters/database/connection.go:12): missing type: *fx.Lifecycle (did you mean fx.Lifecycle?)" function="github.com/lgu-elo/user/internal/app.serve()" module= stack="github.com/lgu-elo/user/internal/app.CreateApp\n\t/home/srkn/projects/lgu-elo/user/internal/app/app.go:56\ngithub.com/lgu-elo/user/internal/app.Run\n\t/home/srkn/projects/lgu-elo/user/internal/app/app.go:26\nmain.main\n\t/home/srkn/projects/lgu-elo/user/cmd/user/main.go:6\nruntime.main\n\t/snap/go/current/src/runtime/proc.go:250\n"
time="26.02.2023 23:08:36" level=error msg="start failed: could not build arguments for function \"github.com/lgu-elo/user/internal/app\".serve (/home/srkn/projects/lgu-elo/user/internal/app/app.go:60): failed to build *server.API: could not build arguments for function \"github.com/lgu-elo/user/internal/server\".NewAPI (/home/srkn/projects/lgu-elo/user/internal/server/server.go:15): failed to build user.IHandler: could not build arguments for function \"reflect\".makeFuncStub (/snap/go/current/src/reflect/asm_amd64.s:28): failed to build user.IService: could not build arguments for function \"reflect\".makeFuncStub (/snap/go/current/src/reflect/asm_amd64.s:28): failed to build user.Repository: could not build arguments for function \"reflect\".makeFuncStub (/snap/go/current/src/reflect/asm_amd64.s:28): failed to build *pgx.Conn: missing dependencies for function \"github.com/lgu-elo/user/internal/adapters/database\".New (/home/srkn/projects/lgu-elo/user/internal/adapters/database/connection.go:12): missing type: *fx.Lifecycle (did you mean fx.Lifecycle?)"
time="26.02.2023 23:10:01" level=info msg="[core] [Server #1] Server created" system=system
time="26.02.2023 23:10:01" level=error msg="invoke failed: could not build arguments for function \"github.com/lgu-elo/user/internal/app\".serve (/home/srkn/projects/lgu-elo/user/internal/app/app.go:60): failed to build *server.API: could not build arguments for function \"github.com/lgu-elo/user/internal/server\".NewAPI (/home/srkn/projects/lgu-elo/user/internal/server/server.go:15): failed to build user.IHandler: could not build arguments for function \"reflect\".makeFuncStub (/snap/go/current/src/reflect/asm_amd64.s:28): failed to build user.IService: could not build arguments for function \"reflect\".makeFuncStub (/snap/go/current/src/reflect/asm_amd64.s:28): failed to build user.Repository: could not build arguments for function \"reflect\".makeFuncStub (/snap/go/current/src/reflect/asm_amd64.s:28): failed to build *pgx.Conn: missing dependencies for function \"github.com/lgu-elo/user/internal/adapters/database\".New (/home/srkn/projects/lgu-elo/user/internal/adapters/database/connection.go:12): missing type: *fx.Lifecycle (did you mean fx.Lifecycle?)" function="github.com/lgu-elo/user/internal/app.serve()" module= stack="github.com/lgu-elo/user/internal/app.CreateApp\n\t/home/srkn/projects/lgu-elo/user/internal/app/app.go:56\ngithub.com/lgu-elo/user/internal/app.Run\n\t/home/srkn/projects/lgu-elo/user/internal/app/app.go:26\nmain.main\n\t/home/srkn/projects/lgu-elo/user/cmd/user/main.go:6\nruntime.main\n\t/snap/go/current/src/runtime/proc.go:250\n"
time="26.02.2023 23:10:01" level=error msg="start failed: could not build arguments for function \"github.com/lgu-elo/user/internal/app\".serve (/home/srkn/projects/lgu-elo/user/internal/app/app.go:60): failed to build *server.API: could not build arguments for function \"github.com/lgu-elo/user/internal/server\".NewAPI (/home/srkn/projects/lgu-elo/user/internal/server/server.go:15): failed to build user.IHandler: could not build arguments for function \"reflect\".makeFuncStub (/snap/go/current/src/reflect/asm_amd64.s:28): failed to build user.IService: could not build arguments for function \"reflect\".makeFuncStub (/snap/go/current/src/reflect/asm_amd64.s:28): failed to build user.Repository: could not build arguments for function \"reflect\".makeFuncStub (/snap/go/current/src/reflect/asm_amd64.s:28): failed to build *pgx.Conn: missing dependencies for function \"github.com/lgu-elo/user/internal/adapters/database\".New (/home/srkn/projects/lgu-elo/user/internal/adapters/database/connection.go:12): missing type: *fx.Lifecycle (did you mean fx.Lifecycle?)"
time="26.02.2023 23:13:03" level=info msg="[core] [Server #1] Server created" system=system
time="26.02.2023 23:13:03" level=error msg="invoke failed: could not build arguments for function \"github.com/lgu-elo/user/internal/app\".serve (/home/srkn/projects/lgu-elo/user/internal/app/app.go:60): failed to build *server.API: could not build arguments for function \"github.com/lgu-elo/user/internal/server\".NewAPI (/home/srkn/projects/lgu-elo/user/internal/server/server.go:15): failed to build user.IHandler: could not build arguments for function \"reflect\".makeFuncStub (/snap/go/current/src/reflect/asm_amd64.s:28): failed to build user.IService: could not build arguments for function \"reflect\".makeFuncStub (/snap/go/current/src/reflect/asm_amd64.s:28): failed to build user.Repository: could not build arguments for function \"reflect\".makeFuncStub (/snap/go/current/src/reflect/asm_amd64.s:28): failed to build *pgx.Conn: missing dependencies for function \"github.com/lgu-elo/user/internal/adapters/database\".New (/home/srkn/projects/lgu-elo/user/internal/adapters/database/connection.go:12): missing type: *fx.Lifecycle (did you mean fx.Lifecycle?)" function="github.com/lgu-elo/user/internal/app.serve()" module= stack="github.com/lgu-elo/user/internal/app.CreateApp\n\t/home/srkn/projects/lgu-elo/user/internal/app/app.go:56\ngithub.com/lgu-elo/user/internal/app.Run\n\t/home/srkn/projects/lgu-elo/user/internal/app/app.go:26\nmain.main\n\t/home/srkn/projects/lgu-elo/user/cmd/user/main.go:6\nruntime.main\n\t/snap/go/current/src/runtime/proc.go:250\n"
time="26.02.2023 23:13:03" level=error msg="start failed: could not build arguments for function \"github.com/lgu-elo/user/internal/app\".serve (/home/srkn/projects/lgu-elo/user/internal/app/app.go:60): failed to build *server.API: could not build arguments for function \"github.com/lgu-elo/user/internal/server\".NewAPI (/home/srkn/projects/lgu-elo/user/internal/server/server.go:15): failed to build user.IHandler: could not build arguments for function \"reflect\".makeFuncStub (/snap/go/current/src/reflect/asm_amd64.s:28): failed to build user.IService: could not build arguments for function \"reflect\".makeFuncStub (/snap/go/current/src/reflect/asm_amd64.s:28): failed to build user.Repository: could not build arguments for function \"reflect\".makeFuncStub (/snap/go/current/src/reflect/asm_amd64.s:28): failed to build *pgx.Conn: missing dependencies for function \"github.com/lgu-elo/user/internal/adapters/database\".New (/home/srkn/projects/lgu-elo/user/internal/adapters/database/connection.go:12): missing type: *fx.Lifecycle (did you mean fx.Lifecycle?)"
time="26.02.2023 23:13:44" level=info msg="[core] [Server #1] Server created" system=system
time="26.02.2023 23:13:44" level=info msg="[core] [Channel #2] Channel created" system=system
time="26.02.2023 23:13:44" level=info msg="[core] [Channel #2] original dial target is: \"localhost:8081\"" system=system
time="26.02.2023 23:13:44" level=info msg="[core] [Channel #2] parsed dial target is: {Scheme:localhost Authority: URL:{Scheme:localhost Opaque:8081 User: Host: Path: RawPath: OmitHost:false ForceQuery:false RawQuery: Fragment: RawFragment:}}" system=system
time="26.02.2023 23:13:44" level=info msg="[core] [Channel #2] fallback to scheme \"passthrough\"" system=system
time="26.02.2023 23:13:44" level=info msg="[core] [Channel #2] parsed dial target is: {Scheme:passthrough Authority: URL:{Scheme:passthrough Opaque: User: Host: Path:/localhost:8081 RawPath: OmitHost:false ForceQuery:false RawQuery: Fragment: RawFragment:}}" system=system
time="26.02.2023 23:13:44" level=info msg="[core] [Channel #2] Channel authority set to \"localhost:8081\"" system=system
time="26.02.2023 23:13:44" level=info msg="[core] [Channel #2] Resolver state updated: {\n  \"Addresses\": [\n    {\n      \"Addr\": \"localhost:8081\",\n      \"ServerName\": \"\",\n      \"Attributes\": null,\n      \"BalancerAttributes\": null,\n      \"Type\": 0,\n      \"Metadata\": null\n    }\n  ],\n  \"ServiceConfig\": null,\n  \"Attributes\": null\n} (resolver returned new addresses)" system=system
time="26.02.2023 23:13:44" level=info msg="[core] [Channel #2] Channel switches to new LB policy \"pick_first\"" system=system
time="26.02.2023 23:13:44" level=info msg="[core] [Channel #2 SubChannel #3] Subchannel created" system=system
time="26.02.2023 23:13:44" level=info msg="[core] [Channel #2] Channel Connectivity change to CONNECTING" system=system
time="26.02.2023 23:13:44" level=info msg="[core] [Server #1 ListenSocket #4] ListenSocket created" system=system
time="26.02.2023 23:13:44" level=info msg="[core] [Channel #2 SubChannel #3] Subchannel Connectivity change to CONNECTING" system=system
time="26.02.2023 23:13:44" level=info msg="[core] [Channel #2 SubChannel #3] Subchannel picks a new address \"localhost:8081\" to connect" system=system
time="26.02.2023 23:13:44" level=info msg="[core] pickfirstBalancer: UpdateSubConnState: 0xc00036e5e8, {CONNECTING <nil>}" system=system
time="26.02.2023 23:13:44" level=info msg="[core] [Channel #2 SubChannel #3] Subchannel Connectivity change to READY" system=system
time="26.02.2023 23:13:44" level=info msg="[core] pickfirstBalancer: UpdateSubConnState: 0xc00036e5e8, {READY <nil>}" system=system
time="26.02.2023 23:13:44" level=info msg="[core] [Channel #2] Channel Connectivity change to READY" system=system
time="26.02.2023 23:13:55" level=info msg="finished unary call with code OK" grpc.code=OK grpc.method=GetAllUsers grpc.service=user.UserService grpc.start_time="2023-02-26T23:13:55+03:00" grpc.time_ms=2.844 peer.address="127.0.0.1:36160" span.kind=server system=grpc
time="26.02.2023 23:14:04" level=info msg="finished unary call with code OK" grpc.code=OK grpc.method=CreateUser grpc.service=user.UserService grpc.start_time="2023-02-26T23:14:03+03:00" grpc.time_ms=1350.456 peer.address="127.0.0.1:36160" span.kind=server system=grpc
time="26.02.2023 23:15:01" level=info msg="finished unary call with code OK" grpc.code=OK grpc.method=CreateUser grpc.service=user.UserService grpc.start_time="2023-02-26T23:14:59+03:00" grpc.time_ms=1326.625 peer.address="127.0.0.1:36160" span.kind=server system=grpc
time="26.02.2023 23:15:08" level=info msg="finished unary call with code OK" grpc.code=OK grpc.method=GetAllUsers grpc.service=user.UserService grpc.start_time="2023-02-26T23:15:08+03:00" grpc.time_ms=0.798 peer.address="127.0.0.1:36160" span.kind=server system=grpc
time="26.02.2023 23:15:47" level=info msg="finished unary call with code OK" grpc.code=OK grpc.method=GetAllUsers grpc.service=user.UserService grpc.start_time="2023-02-26T23:15:47+03:00" grpc.time_ms=0.416 peer.address="127.0.0.1:36160" span.kind=server system=grpc
time="26.02.2023 23:18:07" level=info msg="[transport] transport: closing: connection error: desc = \"transport: http2Server.HandleStreams received bogus greeting from client: \\\"{\\\\\\\"jsonrpc\\\\\\\":\\\\\\\"2.0\\\\\\\",\\\\\\\"method\\\"\"" system=system
time="26.02.2023 23:18:07" level=info msg="[core] [Server #1] grpc: Server.Serve failed to create ServerTransport: connection error: desc = \"transport: http2Server.HandleStreams received bogus greeting from client: \\\"{\\\\\\\"jsonrpc\\\\\\\":\\\\\\\"2.0\\\\\\\",\\\\\\\"method\\\"\"" system=system
time="26.02.2023 23:18:20" level=info msg="[transport] transport: closing: connection error: desc = \"transport: http2Server.HandleStreams received bogus greeting from client: \\\"{\\\\\\\"jsonrpc\\\\\\\":\\\\\\\"2.0\\\\\\\",\\\\\\\"method\\\"\"" system=system
time="26.02.2023 23:18:20" level=info msg="[core] [Server #1] grpc: Server.Serve failed to create ServerTransport: connection error: desc = \"transport: http2Server.HandleStreams received bogus greeting from client: \\\"{\\\\\\\"jsonrpc\\\\\\\":\\\\\\\"2.0\\\\\\\",\\\\\\\"method\\\"\"" system=system
time="26.02.2023 23:18:50" level=info msg="[core] [Server #1] Server created" system=system
time="26.02.2023 23:18:50" level=info msg="[core] [Channel #2] Channel created" system=system
time="26.02.2023 23:18:50" level=info msg="[core] [Channel #2] original dial target is: \"localhost:8081\"" system=system
time="26.02.2023 23:18:50" level=info msg="[core] [Channel #2] parsed dial target is: {Scheme:localhost Authority: URL:{Scheme:localhost Opaque:8081 User: Host: Path: RawPath: OmitHost:false ForceQuery:false RawQuery: Fragment: RawFragment:}}" system=system
time="26.02.2023 23:18:50" level=info msg="[core] [Channel #2] fallback to scheme \"passthrough\"" system=system
time="26.02.2023 23:18:50" level=info msg="[core] [Channel #2] parsed dial target is: {Scheme:passthrough Authority: URL:{Scheme:passthrough Opaque: User: Host: Path:/localhost:8081 RawPath: OmitHost:false ForceQuery:false RawQuery: Fragment: RawFragment:}}" system=system
time="26.02.2023 23:18:50" level=info msg="[core] [Channel #2] Channel authority set to \"localhost:8081\"" system=system
time="26.02.2023 23:18:50" level=info msg="[core] [Channel #2] Resolver state updated: {\n  \"Addresses\": [\n    {\n      \"Addr\": \"localhost:8081\",\n      \"ServerName\": \"\",\n      \"Attributes\": null,\n      \"BalancerAttributes\": null,\n      \"Type\": 0,\n      \"Metadata\": null\n    }\n  ],\n  \"ServiceConfig\": null,\n  \"Attributes\": null\n} (resolver returned new addresses)" system=system
time="26.02.2023 23:18:50" level=info msg="[core] [Channel #2] Channel switches to new LB policy \"pick_first\"" system=system
time="26.02.2023 23:18:50" level=info msg="[core] [Channel #2 SubChannel #3] Subchannel created" system=system
time="26.02.2023 23:18:50" level=info msg="[core] [Channel #2] Channel Connectivity change to CONNECTING" system=system
time="26.02.2023 23:18:50" level=info msg="[core] [Channel #2 SubChannel #3] Subchannel Connectivity change to CONNECTING" system=system
time="26.02.2023 23:18:50" level=info msg="[core] [Server #1 ListenSocket #4] ListenSocket created" system=system
time="26.02.2023 23:18:50" level=info msg="[core] [Channel #2 SubChannel #3] Subchannel picks a new address \"localhost:8081\" to connect" system=system
time="26.02.2023 23:18:50" level=info msg="[core] pickfirstBalancer: UpdateSubConnState: 0xc00028e5e8, {CONNECTING <nil>}" system=system
time="26.02.2023 23:18:50" level=info msg="[core] [Channel #2 SubChannel #3] Subchannel Connectivity change to READY" system=system
time="26.02.2023 23:18:50" level=info msg="[core] pickfirstBalancer: UpdateSubConnState: 0xc00028e5e8, {READY <nil>}" system=system
time="26.02.2023 23:18:50" level=info msg="[core] [Channel #2] Channel Connectivity change to READY" system=system
time="26.02.2023 23:18:55" level=info msg="finished unary call with code OK" grpc.code=OK grpc.method=GetAllUsers grpc.service=user.UserService grpc.start_time="2023-02-26T23:18:55+03:00" grpc.time_ms=2.379 peer.address="127.0.0.1:43122" span.kind=server system=grpc
time="26.02.2023 23:19:37" level=info msg="[core] [Server #1] Server created" system=system
time="26.02.2023 23:19:37" level=info msg="[core] [Channel #2] Channel created" system=system
time="26.02.2023 23:19:37" level=info msg="[core] [Channel #2] original dial target is: \"localhost:8081\"" system=system
time="26.02.2023 23:19:37" level=info msg="[core] [Channel #2] parsed dial target is: {Scheme:localhost Authority: URL:{Scheme:localhost Opaque:8081 User: Host: Path: RawPath: OmitHost:false ForceQuery:false RawQuery: Fragment: RawFragment:}}" system=system
time="26.02.2023 23:19:37" level=info msg="[core] [Channel #2] fallback to scheme \"passthrough\"" system=system
time="26.02.2023 23:19:37" level=info msg="[core] [Channel #2] parsed dial target is: {Scheme:passthrough Authority: URL:{Scheme:passthrough Opaque: User: Host: Path:/localhost:8081 RawPath: OmitHost:false ForceQuery:false RawQuery: Fragment: RawFragment:}}" system=system
time="26.02.2023 23:19:37" level=info msg="[core] [Channel #2] Channel authority set to \"localhost:8081\"" system=system
time="26.02.2023 23:19:37" level=info msg="[core] [Channel #2] Resolver state updated: {\n  \"Addresses\": [\n    {\n      \"Addr\": \"localhost:8081\",\n      \"ServerName\": \"\",\n      \"Attributes\": null,\n      \"BalancerAttributes\": null,\n      \"Type\": 0,\n      \"Metadata\": null\n    }\n  ],\n  \"ServiceConfig\": null,\n  \"Attributes\": null\n} (resolver returned new addresses)" system=system
time="26.02.2023 23:19:37" level=info msg="[core] [Channel #2] Channel switches to new LB policy \"pick_first\"" system=system
time="26.02.2023 23:19:37" level=info msg="[core] [Channel #2 SubChannel #3] Subchannel created" system=system
time="26.02.2023 23:19:37" level=info msg="[core] [Channel #2] Channel Connectivity change to CONNECTING" system=system
time="26.02.2023 23:19:37" level=info msg="[core] [Server #1 ListenSocket #4] ListenSocket created" system=system
time="26.02.2023 23:19:37" level=info msg="[core] [Channel #2 SubChannel #3] Subchannel Connectivity change to CONNECTING" system=system
time="26.02.2023 23:19:37" level=info msg="[core] [Channel #2 SubChannel #3] Subchannel picks a new address \"localhost:8081\" to connect" system=system
time="26.02.2023 23:19:37" level=info msg="[core] pickfirstBalancer: UpdateSubConnState: 0xc0003ec600, {CONNECTING <nil>}" system=system
time="26.02.2023 23:19:37" level=info msg="[core] [Channel #2 SubChannel #3] Subchannel Connectivity change to READY" system=system
time="26.02.2023 23:19:37" level=info msg="[core] pickfirstBalancer: UpdateSubConnState: 0xc0003ec600, {READY <nil>}" system=system
time="26.02.2023 23:19:37" level=info msg="[core] [Channel #2] Channel Connectivity change to READY" system=system
time="26.02.2023 23:19:51" level=info msg="finished unary call with code OK" grpc.code=OK grpc.method=GetAllUsers grpc.service=user.UserService grpc.start_time="2023-02-26T23:19:51+03:00" grpc.time_ms=2.006 peer.address="127.0.0.1:59416" span.kind=server system=grpc
time="26.02.2023 23:20:03" level=info msg="[core] [Server #1] Server created" system=system
time="26.02.2023 23:20:03" level=info msg="[core] [Channel #2] Channel created" system=system
time="26.02.2023 23:20:03" level=info msg="[core] [Channel #2] original dial target is: \"localhost:8081\"" system=system
time="26.02.2023 23:20:03" level=info msg="[core] [Channel #2] parsed dial target is: {Scheme:localhost Authority: URL:{Scheme:localhost Opaque:8081 User: Host: Path: RawPath: OmitHost:false ForceQuery:false RawQuery: Fragment: RawFragment:}}" system=system
time="26.02.2023 23:20:03" level=info msg="[core] [Channel #2] fallback to scheme \"passthrough\"" system=system
time="26.02.2023 23:20:03" level=info msg="[core] [Channel #2] parsed dial target is: {Scheme:passthrough Authority: URL:{Scheme:passthrough Opaque: User: Host: Path:/localhost:8081 RawPath: OmitHost:false ForceQuery:false RawQuery: Fragment: RawFragment:}}" system=system
time="26.02.2023 23:20:03" level=info msg="[core] [Channel #2] Channel authority set to \"localhost:8081\"" system=system
time="26.02.2023 23:20:03" level=info msg="[core] [Channel #2] Resolver state updated: {\n  \"Addresses\": [\n    {\n      \"Addr\": \"localhost:8081\",\n      \"ServerName\": \"\",\n      \"Attributes\": null,\n      \"BalancerAttributes\": null,\n      \"Type\": 0,\n      \"Metadata\": null\n    }\n  ],\n  \"ServiceConfig\": null,\n  \"Attributes\": null\n} (resolver returned new addresses)" system=system
time="26.02.2023 23:20:03" level=info msg="[core] [Channel #2] Channel switches to new LB policy \"pick_first\"" system=system
time="26.02.2023 23:20:03" level=info msg="[core] [Channel #2 SubChannel #3] Subchannel created" system=system
time="26.02.2023 23:20:03" level=info msg="[core] [Channel #2] Channel Connectivity change to CONNECTING" system=system
time="26.02.2023 23:20:03" level=info msg="[core] [Channel #2 SubChannel #3] Subchannel Connectivity change to CONNECTING" system=system
time="26.02.2023 23:20:03" level=info msg="[core] [Server #1 ListenSocket #4] ListenSocket created" system=system
time="26.02.2023 23:20:03" level=info msg="[core] [Channel #2 SubChannel #3] Subchannel picks a new address \"localhost:8081\" to connect" system=system
time="26.02.2023 23:20:03" level=info msg="[core] pickfirstBalancer: UpdateSubConnState: 0xc00035a660, {CONNECTING <nil>}" system=system
time="26.02.2023 23:20:03" level=info msg="[core] [Channel #2 SubChannel #3] Subchannel Connectivity change to READY" system=system
time="26.02.2023 23:20:03" level=info msg="[core] pickfirstBalancer: UpdateSubConnState: 0xc00035a660, {READY <nil>}" system=system
time="26.02.2023 23:20:03" level=info msg="[core] [Channel #2] Channel Connectivity change to READY" system=system
time="26.02.2023 23:20:04" level=info msg="finished unary call with code OK" grpc.code=OK grpc.method=GetAllUsers grpc.service=user.UserService grpc.start_time="2023-02-26T23:20:04+03:00" grpc.time_ms=2.02 peer.address="127.0.0.1:43452" span.kind=server system=grpc
time="26.02.2023 23:21:20" level=info msg="[core] [Server #1] Server created" system=system
time="26.02.2023 23:21:20" level=info msg="[core] [Channel #2] Channel created" system=system
time="26.02.2023 23:21:20" level=info msg="[core] [Channel #2] original dial target is: \"localhost:8081\"" system=system
time="26.02.2023 23:21:20" level=info msg="[core] [Channel #2] parsed dial target is: {Scheme:localhost Authority: URL:{Scheme:localhost Opaque:8081 User: Host: Path: RawPath: OmitHost:false ForceQuery:false RawQuery: Fragment: RawFragment:}}" system=system
time="26.02.2023 23:21:20" level=info msg="[core] [Channel #2] fallback to scheme \"passthrough\"" system=system
time="26.02.2023 23:21:20" level=info msg="[core] [Channel #2] parsed dial target is: {Scheme:passthrough Authority: URL:{Scheme:passthrough Opaque: User: Host: Path:/localhost:8081 RawPath: OmitHost:false ForceQuery:false RawQuery: Fragment: RawFragment:}}" system=system
time="26.02.2023 23:21:20" level=info msg="[core] [Channel #2] Channel authority set to \"localhost:8081\"" system=system
time="26.02.2023 23:21:20" level=info msg="[core] [Channel #2] Resolver state updated: {\n  \"Addresses\": [\n    {\n      \"Addr\": \"localhost:8081\",\n      \"ServerName\": \"\",\n      \"Attributes\": null,\n      \"BalancerAttributes\": null,\n      \"Type\": 0,\n      \"Metadata\": null\n    }\n  ],\n  \"ServiceConfig\": null,\n  \"Attributes\": null\n} (resolver returned new addresses)" system=system
time="26.02.2023 23:21:20" level=info msg="[core] [Channel #2] Channel switches to new LB policy \"pick_first\"" system=system
time="26.02.2023 23:21:20" level=info msg="[core] [Channel #2 SubChannel #3] Subchannel created" system=system
time="26.02.2023 23:21:20" level=info msg="[core] [Channel #2] Channel Connectivity change to CONNECTING" system=system
time="26.02.2023 23:21:20" level=info msg="[core] [Channel #2 SubChannel #3] Subchannel Connectivity change to CONNECTING" system=system
time="26.02.2023 23:21:20" level=info msg="[core] [Channel #2 SubChannel #3] Subchannel picks a new address \"localhost:8081\" to connect" system=system
time="26.02.2023 23:21:20" level=info msg="[core] [Server #1 ListenSocket #4] ListenSocket created" system=system
time="26.02.2023 23:21:20" level=info msg="[core] pickfirstBalancer: UpdateSubConnState: 0xc0002ac678, {CONNECTING <nil>}" system=system
time="26.02.2023 23:21:20" level=info msg="[core] [Channel #2 SubChannel #3] Subchannel Connectivity change to READY" system=system
time="26.02.2023 23:21:20" level=info msg="[core] pickfirstBalancer: UpdateSubConnState: 0xc0002ac678, {READY <nil>}" system=system
time="26.02.2023 23:21:20" level=info msg="[core] [Channel #2] Channel Connectivity change to READY" system=system
time="26.02.2023 23:21:25" level=info msg="finished unary call with code OK" grpc.code=OK grpc.method=GetAllUsers grpc.service=user.UserService grpc.start_time="2023-02-26T23:21:25+03:00" grpc.time_ms=2.016 peer.address="127.0.0.1:32888" span.kind=server system=grpc
time="26.02.2023 23:31:44" level=info msg="[core] [Server #1] Server created" system=system
time="26.02.2023 23:31:44" level=info msg="[core] [Channel #2] Channel created" system=system
time="26.02.2023 23:31:44" level=info msg="[core] [Channel #2] original dial target is: \"localhost:8081\"" system=system
time="26.02.2023 23:31:44" level=info msg="[core] [Channel #2] parsed dial target is: {Scheme:localhost Authority: URL:{Scheme:localhost Opaque:8081 User: Host: Path: RawPath: OmitHost:false ForceQuery:false RawQuery: Fragment: RawFragment:}}" system=system
time="26.02.2023 23:31:44" level=info msg="[core] [Channel #2] fallback to scheme \"passthrough\"" system=system
time="26.02.2023 23:31:44" level=info msg="[core] [Channel #2] parsed dial target is: {Scheme:passthrough Authority: URL:{Scheme:passthrough Opaque: User: Host: Path:/localhost:8081 RawPath: OmitHost:false ForceQuery:false RawQuery: Fragment: RawFragment:}}" system=system
time="26.02.2023 23:31:44" level=info msg="[core] [Channel #2] Channel authority set to \"localhost:8081\"" system=system
time="26.02.2023 23:31:44" level=info msg="[core] [Channel #2] Resolver state updated: {\n  \"Addresses\": [\n    {\n      \"Addr\": \"localhost:8081\",\n      \"ServerName\": \"\",\n      \"Attributes\": null,\n      \"BalancerAttributes\": null,\n      \"Type\": 0,\n      \"Metadata\": null\n    }\n  ],\n  \"ServiceConfig\": null,\n  \"Attributes\": null\n} (resolver returned new addresses)" system=system
time="26.02.2023 23:31:44" level=info msg="[core] [Channel #2] Channel switches to new LB policy \"pick_first\"" system=system
time="26.02.2023 23:31:44" level=info msg="[core] [Channel #2 SubChannel #3] Subchannel created" system=system
time="26.02.2023 23:31:44" level=info msg="[core] [Channel #2] Channel Connectivity change to CONNECTING" system=system
time="26.02.2023 23:31:44" level=info msg="[core] [Channel #2 SubChannel #3] Subchannel Connectivity change to CONNECTING" system=system
time="26.02.2023 23:31:44" level=info msg="[core] [Channel #2 SubChannel #3] Subchannel picks a new address \"localhost:8081\" to connect" system=system
time="26.02.2023 23:31:44" level=info msg="[core] [Server #1 ListenSocket #4] ListenSocket created" system=system
time="26.02.2023 23:31:44" level=info msg="[core] pickfirstBalancer: UpdateSubConnState: 0xc00030c648, {CONNECTING <nil>}" system=system
time="26.02.2023 23:31:44" level=info msg="[core] [Channel #2 SubChannel #3] Subchannel Connectivity change to READY" system=system
time="26.02.2023 23:31:44" level=info msg="[core] pickfirstBalancer: UpdateSubConnState: 0xc00030c648, {READY <nil>}" system=system
time="26.02.2023 23:31:44" level=info msg="[core] [Channel #2] Channel Connectivity change to READY" system=system
time="26.02.2023 23:31:48" level=info msg="finished unary call with code OK" grpc.code=OK grpc.method=CreateUser grpc.service=user.UserService grpc.start_time="2023-02-26T23:31:47+03:00" grpc.time_ms=1338.277 peer.address="127.0.0.1:36634" span.kind=server system=grpc
time="26.02.2023 23:32:02" level=info msg="finished unary call with code OK" grpc.code=OK grpc.method=GetAllUsers grpc.service=user.UserService grpc.start_time="2023-02-26T23:32:02+03:00" grpc.time_ms=2.266 peer.address="127.0.0.1:36634" span.kind=server system=grpc
time="26.02.2023 23:33:08" level=info msg="[core] [Server #1] Server created" system=system
time="26.02.2023 23:33:08" level=info msg="[core] [Channel #2] Channel created" system=system
time="26.02.2023 23:33:08" level=info msg="[core] [Channel #2] original dial target is: \"localhost:8081\"" system=system
time="26.02.2023 23:33:08" level=info msg="[core] [Channel #2] parsed dial target is: {Scheme:localhost Authority: URL:{Scheme:localhost Opaque:8081 User: Host: Path: RawPath: OmitHost:false ForceQuery:false RawQuery: Fragment: RawFragment:}}" system=system
time="26.02.2023 23:33:08" level=info msg="[core] [Channel #2] fallback to scheme \"passthrough\"" system=system
time="26.02.2023 23:33:08" level=info msg="[core] [Channel #2] parsed dial target is: {Scheme:passthrough Authority: URL:{Scheme:passthrough Opaque: User: Host: Path:/localhost:8081 RawPath: OmitHost:false ForceQuery:false RawQuery: Fragment: RawFragment:}}" system=system
time="26.02.2023 23:33:08" level=info msg="[core] [Channel #2] Channel authority set to \"localhost:8081\"" system=system
time="26.02.2023 23:33:08" level=info msg="[core] [Channel #2] Resolver state updated: {\n  \"Addresses\": [\n    {\n      \"Addr\": \"localhost:8081\",\n      \"ServerName\": \"\",\n      \"Attributes\": null,\n      \"BalancerAttributes\": null,\n      \"Type\": 0,\n      \"Metadata\": null\n    }\n  ],\n  \"ServiceConfig\": null,\n  \"Attributes\": null\n} (resolver returned new addresses)" system=system
time="26.02.2023 23:33:08" level=info msg="[core] [Channel #2] Channel switches to new LB policy \"pick_first\"" system=system
time="26.02.2023 23:33:08" level=info msg="[core] [Channel #2 SubChannel #3] Subchannel created" system=system
time="26.02.2023 23:33:08" level=info msg="[core] [Channel #2] Channel Connectivity change to CONNECTING" system=system
time="26.02.2023 23:33:08" level=info msg="[core] [Channel #2 SubChannel #3] Subchannel Connectivity change to CONNECTING" system=system
time="26.02.2023 23:33:08" level=info msg="[core] [Channel #2 SubChannel #3] Subchannel picks a new address \"localhost:8081\" to connect" system=system
time="26.02.2023 23:33:08" level=info msg="[core] pickfirstBalancer: UpdateSubConnState: 0xc0002e4db0, {CONNECTING <nil>}" system=system
time="26.02.2023 23:33:08" level=info msg="[core] [Server #1 ListenSocket #5] ListenSocket created" system=system
time="26.02.2023 23:33:08" level=info msg="[core] [Channel #2 SubChannel #3] Subchannel Connectivity change to READY" system=system
time="26.02.2023 23:33:08" level=info msg="[core] pickfirstBalancer: UpdateSubConnState: 0xc0002e4db0, {READY <nil>}" system=system
time="26.02.2023 23:33:08" level=info msg="[core] [Channel #2] Channel Connectivity change to READY" system=system
time="26.02.2023 23:33:22" level=info msg="[core] [Server #1] Server created" system=system
time="26.02.2023 23:33:22" level=info msg="[core] [Channel #2] Channel created" system=system
time="26.02.2023 23:33:22" level=info msg="[core] [Channel #2] original dial target is: \"localhost:8081\"" system=system
time="26.02.2023 23:33:22" level=info msg="[core] [Channel #2] parsed dial target is: {Scheme:localhost Authority: URL:{Scheme:localhost Opaque:8081 User: Host: Path: RawPath: OmitHost:false ForceQuery:false RawQuery: Fragment: RawFragment:}}" system=system
time="26.02.2023 23:33:22" level=info msg="[core] [Channel #2] fallback to scheme \"passthrough\"" system=system
time="26.02.2023 23:33:22" level=info msg="[core] [Channel #2] parsed dial target is: {Scheme:passthrough Authority: URL:{Scheme:passthrough Opaque: User: Host: Path:/localhost:8081 RawPath: OmitHost:false ForceQuery:false RawQuery: Fragment: RawFragment:}}" system=system
time="26.02.2023 23:33:22" level=info msg="[core] [Channel #2] Channel authority set to \"localhost:8081\"" system=system
time="26.02.2023 23:33:22" level=info msg="[core] [Channel #2] Resolver state updated: {\n  \"Addresses\": [\n    {\n      \"Addr\": \"localhost:8081\",\n      \"ServerName\": \"\",\n      \"Attributes\": null,\n      \"BalancerAttributes\": null,\n      \"Type\": 0,\n      \"Metadata\": null\n    }\n  ],\n  \"ServiceConfig\": null,\n  \"Attributes\": null\n} (resolver returned new addresses)" system=system
time="26.02.2023 23:33:22" level=info msg="[core] [Channel #2] Channel switches to new LB policy \"pick_first\"" system=system
time="26.02.2023 23:33:22" level=info msg="[core] [Channel #2 SubChannel #3] Subchannel created" system=system
time="26.02.2023 23:33:22" level=info msg="[core] [Channel #2] Channel Connectivity change to CONNECTING" system=system
time="26.02.2023 23:33:22" level=info msg="[core] [Server #1 ListenSocket #4] ListenSocket created" system=system
time="26.02.2023 23:33:22" level=info msg="[core] [Channel #2 SubChannel #3] Subchannel Connectivity change to CONNECTING" system=system
time="26.02.2023 23:33:22" level=info msg="[core] [Channel #2 SubChannel #3] Subchannel picks a new address \"localhost:8081\" to connect" system=system
time="26.02.2023 23:33:22" level=info msg="[core] pickfirstBalancer: UpdateSubConnState: 0xc000280660, {CONNECTING <nil>}" system=system
time="26.02.2023 23:33:22" level=info msg="[core] [Channel #2 SubChannel #3] Subchannel Connectivity change to READY" system=system
time="26.02.2023 23:33:22" level=info msg="[core] pickfirstBalancer: UpdateSubConnState: 0xc000280660, {READY <nil>}" system=system
time="26.02.2023 23:33:22" level=info msg="[core] [Channel #2] Channel Connectivity change to READY" system=system
time="26.02.2023 23:33:32" level=info msg="[transport] transport: closing: connection error: desc = \"error reading from server: EOF\"" system=system
time="26.02.2023 23:33:32" level=info msg="[core] [Channel #2 SubChannel #3] Subchannel Connectivity change to IDLE" system=system
time="26.02.2023 23:33:32" level=info msg="[core] pickfirstBalancer: UpdateSubConnState: 0xc000280660, {IDLE <nil>}" system=system
time="26.02.2023 23:33:32" level=info msg="[transport] transport: loopyWriter exited. Closing connection. Err: transport closed by client" system=system
time="26.02.2023 23:33:32" level=info msg="[core] [Channel #2] Channel Connectivity change to IDLE" system=system
time="26.02.2023 23:33:59" level=info msg="[core] [Server #1] Server created" system=system
time="26.02.2023 23:33:59" level=info msg="[core] [Channel #2] Channel created" system=system
time="26.02.2023 23:33:59" level=info msg="[core] [Channel #2] original dial target is: \"localhost:8081\"" system=system
time="26.02.2023 23:33:59" level=info msg="[core] [Channel #2] parsed dial target is: {Scheme:localhost Authority: URL:{Scheme:localhost Opaque:8081 User: Host: Path: RawPath: OmitHost:false ForceQuery:false RawQuery: Fragment: RawFragment:}}" system=system
time="26.02.2023 23:33:59" level=info msg="[core] [Channel #2] fallback to scheme \"passthrough\"" system=system
time="26.02.2023 23:33:59" level=info msg="[core] [Channel #2] parsed dial target is: {Scheme:passthrough Authority: URL:{Scheme:passthrough Opaque: User: Host: Path:/localhost:8081 RawPath: OmitHost:false ForceQuery:false RawQuery: Fragment: RawFragment:}}" system=system
time="26.02.2023 23:33:59" level=info msg="[core] [Channel #2] Channel authority set to \"localhost:8081\"" system=system
time="26.02.2023 23:33:59" level=info msg="[core] [Channel #2] Resolver state updated: {\n  \"Addresses\": [\n    {\n      \"Addr\": \"localhost:8081\",\n      \"ServerName\": \"\",\n      \"Attributes\": null,\n      \"BalancerAttributes\": null,\n      \"Type\": 0,\n      \"Metadata\": null\n    }\n  ],\n  \"ServiceConfig\": null,\n  \"Attributes\": null\n} (resolver returned new addresses)" system=system
time="26.02.2023 23:33:59" level=info msg="[core] [Channel #2] Channel switches to new LB policy \"pick_first\"" system=system
time="26.02.2023 23:33:59" level=info msg="[core] [Channel #2 SubChannel #3] Subchannel created" system=system
time="26.02.2023 23:33:59" level=info msg="[core] [Channel #2] Channel Connectivity change to CONNECTING" system=system
time="26.02.2023 23:33:59" level=info msg="[core] [Channel #2 SubChannel #3] Subchannel Connectivity change to CONNECTING" system=system
time="26.02.2023 23:33:59" level=info msg="[core] [Channel #2 SubChannel #3] Subchannel picks a new address \"localhost:8081\" to connect" system=system
time="26.02.2023 23:33:59" level=info msg="[core] [Server #1 ListenSocket #4] ListenSocket created" system=system
time="26.02.2023 23:33:59" level=info msg="[core] pickfirstBalancer: UpdateSubConnState: 0xc0003da678, {CONNECTING <nil>}" system=system
time="26.02.2023 23:33:59" level=info msg="[core] [Channel #2 SubChannel #3] Subchannel Connectivity change to READY" system=system
time="26.02.2023 23:33:59" level=info msg="[core] pickfirstBalancer: UpdateSubConnState: 0xc0003da678, {READY <nil>}" system=system
time="26.02.2023 23:33:59" level=info msg="[core] [Channel #2] Channel Connectivity change to READY" system=system
time="26.02.2023 23:34:10" level=info msg="[core] [Server #1] Server created" system=system
time="26.02.2023 23:34:10" level=info msg="[core] [Channel #2] Channel created" system=system
time="26.02.2023 23:34:10" level=info msg="[core] [Channel #2] original dial target is: \"localhost:8081\"" system=system
time="26.02.2023 23:34:10" level=info msg="[core] [Channel #2] parsed dial target is: {Scheme:localhost Authority: URL:{Scheme:localhost Opaque:8081 User: Host: Path: RawPath: OmitHost:false ForceQuery:false RawQuery: Fragment: RawFragment:}}" system=system
time="26.02.2023 23:34:10" level=info msg="[core] [Channel #2] fallback to scheme \"passthrough\"" system=system
time="26.02.2023 23:34:10" level=info msg="[core] [Channel #2] parsed dial target is: {Scheme:passthrough Authority: URL:{Scheme:passthrough Opaque: User: Host: Path:/localhost:8081 RawPath: OmitHost:false ForceQuery:false RawQuery: Fragment: RawFragment:}}" system=system
time="26.02.2023 23:34:10" level=info msg="[core] [Channel #2] Channel authority set to \"localhost:8081\"" system=system
time="26.02.2023 23:34:10" level=info msg="[core] [Channel #2] Resolver state updated: {\n  \"Addresses\": [\n    {\n      \"Addr\": \"localhost:8081\",\n      \"ServerName\": \"\",\n      \"Attributes\": null,\n      \"BalancerAttributes\": null,\n      \"Type\": 0,\n      \"Metadata\": null\n    }\n  ],\n  \"ServiceConfig\": null,\n  \"Attributes\": null\n} (resolver returned new addresses)" system=system
time="26.02.2023 23:34:10" level=info msg="[core] [Channel #2] Channel switches to new LB policy \"pick_first\"" system=system
time="26.02.2023 23:34:10" level=info msg="[core] [Channel #2 SubChannel #3] Subchannel created" system=system
time="26.02.2023 23:34:10" level=info msg="[core] [Channel #2] Channel Connectivity change to CONNECTING" system=system
time="26.02.2023 23:34:10" level=info msg="[core] [Channel #2 SubChannel #3] Subchannel Connectivity change to CONNECTING" system=system
time="26.02.2023 23:34:10" level=info msg="[core] [Channel #2 SubChannel #3] Subchannel picks a new address \"localhost:8081\" to connect" system=system
time="26.02.2023 23:34:10" level=info msg="[core] [Server #1 ListenSocket #4] ListenSocket created" system=system
time="26.02.2023 23:34:10" level=info msg="[core] pickfirstBalancer: UpdateSubConnState: 0xc0003b46a8, {CONNECTING <nil>}" system=system
time="26.02.2023 23:34:10" level=info msg="[core] [Channel #2 SubChannel #3] Subchannel Connectivity change to READY" system=system
time="26.02.2023 23:34:10" level=info msg="[core] pickfirstBalancer: UpdateSubConnState: 0xc0003b46a8, {READY <nil>}" system=system
time="26.02.2023 23:34:10" level=info msg="[core] [Channel #2] Channel Connectivity change to READY" system=system
time="26.02.2023 23:35:06" level=info msg="[core] [Server #1] Server created" system=system
time="26.02.2023 23:35:06" level=info msg="[core] [Channel #2] Channel created" system=system
time="26.02.2023 23:35:06" level=info msg="[core] [Channel #2] original dial target is: \"localhost:8081\"" system=system
time="26.02.2023 23:35:06" level=info msg="[core] [Channel #2] parsed dial target is: {Scheme:localhost Authority: URL:{Scheme:localhost Opaque:8081 User: Host: Path: RawPath: OmitHost:false ForceQuery:false RawQuery: Fragment: RawFragment:}}" system=system
time="26.02.2023 23:35:06" level=info msg="[core] [Channel #2] fallback to scheme \"passthrough\"" system=system
time="26.02.2023 23:35:06" level=info msg="[core] [Channel #2] parsed dial target is: {Scheme:passthrough Authority: URL:{Scheme:passthrough Opaque: User: Host: Path:/localhost:8081 RawPath: OmitHost:false ForceQuery:false RawQuery: Fragment: RawFragment:}}" system=system
time="26.02.2023 23:35:06" level=info msg="[core] [Channel #2] Channel authority set to \"localhost:8081\"" system=system
time="26.02.2023 23:35:06" level=info msg="[core] [Channel #2] Resolver state updated: {\n  \"Addresses\": [\n    {\n      \"Addr\": \"localhost:8081\",\n      \"ServerName\": \"\",\n      \"Attributes\": null,\n      \"BalancerAttributes\": null,\n      \"Type\": 0,\n      \"Metadata\": null\n    }\n  ],\n  \"ServiceConfig\": null,\n  \"Attributes\": null\n} (resolver returned new addresses)" system=system
time="26.02.2023 23:35:06" level=info msg="[core] [Channel #2] Channel switches to new LB policy \"pick_first\"" system=system
time="26.02.2023 23:35:06" level=info msg="[core] [Channel #2 SubChannel #3] Subchannel created" system=system
time="26.02.2023 23:35:06" level=info msg="[core] [Channel #2] Channel Connectivity change to CONNECTING" system=system
time="26.02.2023 23:35:06" level=info msg="[core] [Server #1 ListenSocket #4] ListenSocket created" system=system
time="26.02.2023 23:35:06" level=info msg="[core] [Channel #2 SubChannel #3] Subchannel Connectivity change to CONNECTING" system=system
time="26.02.2023 23:35:06" level=info msg="[core] [Channel #2 SubChannel #3] Subchannel picks a new address \"localhost:8081\" to connect" system=system
time="26.02.2023 23:35:06" level=info msg="[core] pickfirstBalancer: UpdateSubConnState: 0xc0002b4db0, {CONNECTING <nil>}" system=system
time="26.02.2023 23:35:06" level=info msg="[core] [Channel #2 SubChannel #3] Subchannel Connectivity change to READY" system=system
time="26.02.2023 23:35:06" level=info msg="[core] pickfirstBalancer: UpdateSubConnState: 0xc0002b4db0, {READY <nil>}" system=system
time="26.02.2023 23:35:06" level=info msg="[core] [Channel #2] Channel Connectivity change to READY" system=system
time="26.02.2023 23:35:06" level=info msg="finished unary call with code OK" grpc.code=OK grpc.method=GetAllUsers grpc.service=user.UserService grpc.start_time="2023-02-26T23:35:06+03:00" grpc.time_ms=2.763 peer.address="127.0.0.1:45920" span.kind=server system=grpc
time="26.02.2023 23:36:42" level=info msg="[core] [Server #1] Server created" system=system
time="26.02.2023 23:36:42" level=info msg="[core] [Channel #2] Channel created" system=system
time="26.02.2023 23:36:42" level=info msg="[core] [Channel #2] original dial target is: \"localhost:8081\"" system=system
time="26.02.2023 23:36:42" level=info msg="[core] [Channel #2] parsed dial target is: {Scheme:localhost Authority: URL:{Scheme:localhost Opaque:8081 User: Host: Path: RawPath: OmitHost:false ForceQuery:false RawQuery: Fragment: RawFragment:}}" system=system
time="26.02.2023 23:36:42" level=info msg="[core] [Channel #2] fallback to scheme \"passthrough\"" system=system
time="26.02.2023 23:36:42" level=info msg="[core] [Channel #2] parsed dial target is: {Scheme:passthrough Authority: URL:{Scheme:passthrough Opaque: User: Host: Path:/localhost:8081 RawPath: OmitHost:false ForceQuery:false RawQuery: Fragment: RawFragment:}}" system=system
time="26.02.2023 23:36:42" level=info msg="[core] [Channel #2] Channel authority set to \"localhost:8081\"" system=system
time="26.02.2023 23:36:42" level=info msg="[core] [Channel #2] Resolver state updated: {\n  \"Addresses\": [\n    {\n      \"Addr\": \"localhost:8081\",\n      \"ServerName\": \"\",\n      \"Attributes\": null,\n      \"BalancerAttributes\": null,\n      \"Type\": 0,\n      \"Metadata\": null\n    }\n  ],\n  \"ServiceConfig\": null,\n  \"Attributes\": null\n} (resolver returned new addresses)" system=system
time="26.02.2023 23:36:42" level=info msg="[core] [Channel #2] Channel switches to new LB policy \"pick_first\"" system=system
time="26.02.2023 23:36:42" level=info msg="[core] [Channel #2 SubChannel #3] Subchannel created" system=system
time="26.02.2023 23:36:42" level=info msg="[core] [Channel #2] Channel Connectivity change to CONNECTING" system=system
time="26.02.2023 23:36:42" level=info msg="[core] [Channel #2 SubChannel #3] Subchannel Connectivity change to CONNECTING" system=system
time="26.02.2023 23:36:42" level=info msg="[core] [Channel #2 SubChannel #3] Subchannel picks a new address \"localhost:8081\" to connect" system=system
time="26.02.2023 23:36:42" level=info msg="[core] pickfirstBalancer: UpdateSubConnState: 0xc00030c648, {CONNECTING <nil>}" system=system
time="26.02.2023 23:36:42" level=info msg="[core] [Server #1 ListenSocket #4] ListenSocket created" system=system
time="26.02.2023 23:36:42" level=info msg="[core] [Channel #2 SubChannel #3] Subchannel Connectivity change to READY" system=system
time="26.02.2023 23:36:42" level=info msg="[core] pickfirstBalancer: UpdateSubConnState: 0xc00030c648, {READY <nil>}" system=system
time="26.02.2023 23:36:42" level=info msg="[core] [Channel #2] Channel Connectivity change to READY" system=system
time="26.02.2023 23:42:02" level=info msg="finished unary call with code OK" grpc.code=OK grpc.method=GetAllUsers grpc.service=user.UserService grpc.start_time="2023-02-26T23:42:02+03:00" grpc.time_ms=2.458 peer.address="127.0.0.1:50612" span.kind=server system=grpc
time="26.02.2023 23:44:39" level=info msg="finished unary call with code OK" grpc.code=OK grpc.method=GetAllUsers grpc.service=user.UserService grpc.start_time="2023-02-26T23:44:39+03:00" grpc.time_ms=0.47 peer.address="127.0.0.1:50612" span.kind=server system=grpc
time="26.02.2023 23:45:57" level=info msg="[transport] transport: closing: EOF" system=system
time="26.02.2023 23:45:57" level=info msg="[transport] transport: loopyWriter exited. Closing connection. Err: transport closed by client" system=system
time="26.02.2023 23:47:25" level=info msg="[transport] transport: closing: connection error: desc = \"error reading from server: EOF\"" system=system
time="26.02.2023 23:47:25" level=info msg="[core] [Channel #2 SubChannel #3] Subchannel Connectivity change to IDLE" system=system
time="26.02.2023 23:47:25" level=info msg="[core] pickfirstBalancer: UpdateSubConnState: 0xc00030c648, {IDLE <nil>}" system=system
time="26.02.2023 23:47:25" level=info msg="[transport] transport: loopyWriter exited. Closing connection. Err: transport closed by client" system=system
time="26.02.2023 23:47:25" level=info msg="[core] [Channel #2] Channel Connectivity change to IDLE" system=system
time="26.02.2023 23:48:00" level=info msg="[core] [Server #1] Server created" system=system
time="26.02.2023 23:48:00" level=info msg="[core] [Channel #2] Channel created" system=system
time="26.02.2023 23:48:00" level=info msg="[core] [Channel #2] original dial target is: \"localhost:8081\"" system=system
time="26.02.2023 23:48:00" level=info msg="[core] [Channel #2] parsed dial target is: {Scheme:localhost Authority: URL:{Scheme:localhost Opaque:8081 User: Host: Path: RawPath: OmitHost:false ForceQuery:false RawQuery: Fragment: RawFragment:}}" system=system
time="26.02.2023 23:48:00" level=info msg="[core] [Channel #2] fallback to scheme \"passthrough\"" system=system
time="26.02.2023 23:48:00" level=info msg="[core] [Channel #2] parsed dial target is: {Scheme:passthrough Authority: URL:{Scheme:passthrough Opaque: User: Host: Path:/localhost:8081 RawPath: OmitHost:false ForceQuery:false RawQuery: Fragment: RawFragment:}}" system=system
time="26.02.2023 23:48:00" level=info msg="[core] [Channel #2] Channel authority set to \"localhost:8081\"" system=system
time="26.02.2023 23:48:00" level=info msg="[core] [Channel #2] Resolver state updated: {\n  \"Addresses\": [\n    {\n      \"Addr\": \"localhost:8081\",\n      \"ServerName\": \"\",\n      \"Attributes\": null,\n      \"BalancerAttributes\": null,\n      \"Type\": 0,\n      \"Metadata\": null\n    }\n  ],\n  \"ServiceConfig\": null,\n  \"Attributes\": null\n} (resolver returned new addresses)" system=system
time="26.02.2023 23:48:00" level=info msg="[core] [Channel #2] Channel switches to new LB policy \"pick_first\"" system=system
time="26.02.2023 23:48:00" level=info msg="[core] [Channel #2 SubChannel #3] Subchannel created" system=system
time="26.02.2023 23:48:00" level=info msg="[core] [Channel #2] Channel Connectivity change to CONNECTING" system=system
time="26.02.2023 23:48:00" level=info msg="[core] [Channel #2 SubChannel #3] Subchannel Connectivity change to CONNECTING" system=system
time="26.02.2023 23:48:00" level=info msg="[core] [Channel #2 SubChannel #3] Subchannel picks a new address \"localhost:8081\" to connect" system=system
time="26.02.2023 23:48:00" level=info msg="[core] [Server #1 ListenSocket #4] ListenSocket created" system=system
time="26.02.2023 23:48:00" level=info msg="[core] pickfirstBalancer: UpdateSubConnState: 0xc00031e5e8, {CONNECTING <nil>}" system=system
time="26.02.2023 23:48:00" level=info msg="[core] Creating new client transport to \"{\\n  \\\"Addr\\\": \\\"localhost:8081\\\",\\n  \\\"ServerName\\\": \\\"localhost:8081\\\",\\n  \\\"Attributes\\\": null,\\n  \\\"BalancerAttributes\\\": null,\\n  \\\"Type\\\": 0,\\n  \\\"Metadata\\\": null\\n}\": connection error: desc = \"transport: Error while dialing: dial tcp 127.0.0.1:8081: connect: connection refused\"" system=system
time="26.02.2023 23:48:00" level=warning msg="[core] [Channel #2 SubChannel #3] grpc: addrConn.createTransport failed to connect to {\n  \"Addr\": \"localhost:8081\",\n  \"ServerName\": \"localhost:8081\",\n  \"Attributes\": null,\n  \"BalancerAttributes\": null,\n  \"Type\": 0,\n  \"Metadata\": null\n}. Err: connection error: desc = \"transport: Error while dialing: dial tcp 127.0.0.1:8081: connect: connection refused\"" system=system
time="26.02.2023 23:48:00" level=info msg="[core] [Channel #2 SubChannel #3] Subchannel Connectivity change to TRANSIENT_FAILURE" system=system
time="26.02.2023 23:48:00" level=info msg="[core] pickfirstBalancer: UpdateSubConnState: 0xc00031e5e8, {TRANSIENT_FAILURE connection error: desc = \"transport: Error while dialing: dial tcp 127.0.0.1:8081: connect: connection refused\"}" system=system
time="26.02.2023 23:48:00" level=info msg="[core] [Channel #2] Channel Connectivity change to TRANSIENT_FAILURE" system=system
time="26.02.2023 23:48:01" level=info msg="[core] [Channel #2 SubChannel #3] Subchannel Connectivity change to IDLE" system=system
time="26.02.2023 23:48:01" level=info msg="[core] pickfirstBalancer: UpdateSubConnState: 0xc00031e5e8, {IDLE connection error: desc = \"transport: Error while dialing: dial tcp 127.0.0.1:8081: connect: connection refused\"}" system=system
time="26.02.2023 23:48:01" level=info msg="[core] [Channel #2] Channel Connectivity change to IDLE" system=system
time="26.02.2023 23:48:18" level=info msg="finished unary call with code OK" grpc.code=OK grpc.method=GetAllUsers grpc.service=user.UserService grpc.start_time="2023-02-26T23:48:18+03:00" grpc.time_ms=2.176 peer.address="127.0.0.1:42446" span.kind=server system=grpc
time="26.02.2023 23:48:21" level=info msg="[core] [Channel #2 SubChannel #3] Subchannel Connectivity change to CONNECTING" system=system
time="26.02.2023 23:48:21" level=info msg="[core] [Channel #2 SubChannel #3] Subchannel picks a new address \"localhost:8081\" to connect" system=system
time="26.02.2023 23:48:21" level=info msg="[core] pickfirstBalancer: UpdateSubConnState: 0xc00031e5e8, {CONNECTING <nil>}" system=system
time="26.02.2023 23:48:21" level=info msg="[core] [Channel #2] Channel Connectivity change to CONNECTING" system=system
time="26.02.2023 23:48:21" level=info msg="[core] [Channel #2 SubChannel #3] Subchannel Connectivity change to READY" system=system
time="26.02.2023 23:48:21" level=info msg="[core] pickfirstBalancer: UpdateSubConnState: 0xc00031e5e8, {READY <nil>}" system=system
time="26.02.2023 23:48:21" level=info msg="[core] [Channel #2] Channel Connectivity change to READY" system=system
time="26.02.2023 23:48:21" level=error msg="finished unary call with code Unknown" error="can't register user: rpc error: code = Unknown desc = user already exist" grpc.code=Unknown grpc.method=CreateUser grpc.service=user.UserService grpc.start_time="2023-02-26T23:48:21+03:00" grpc.time_ms=2.348 peer.address="127.0.0.1:42446" span.kind=server system=grpc
time="26.02.2023 23:48:27" level=info msg="finished unary call with code OK" grpc.code=OK grpc.method=CreateUser grpc.service=user.UserService grpc.start_time="2023-02-26T23:48:26+03:00" grpc.time_ms=1349.434 peer.address="127.0.0.1:42446" span.kind=server system=grpc
time="26.02.2023 23:55:06" level=info msg="[transport] transport: closing: EOF" system=system
time="26.02.2023 23:55:06" level=info msg="[transport] transport: loopyWriter exited. Closing connection. Err: transport closed by client" system=system
time="26.02.2023 23:56:34" level=info msg="[transport] transport: closing: connection error: desc = \"error reading from server: EOF\"" system=system
time="26.02.2023 23:56:34" level=info msg="[core] [Channel #2 SubChannel #3] Subchannel Connectivity change to IDLE" system=system
time="26.02.2023 23:56:34" level=info msg="[transport] transport: loopyWriter exited. Closing connection. Err: transport closed by client" system=system
time="26.02.2023 23:56:34" level=info msg="[core] pickfirstBalancer: UpdateSubConnState: 0xc00031e5e8, {IDLE <nil>}" system=system
time="26.02.2023 23:56:34" level=info msg="[core] [Channel #2] Channel Connectivity change to IDLE" system=system
time="27.02.2023 01:16:52" level=info msg="[core] [Server #1] Server created" system=system
time="27.02.2023 01:16:52" level=info msg="[core] [Channel #2] Channel created" system=system
time="27.02.2023 01:16:52" level=info msg="[core] [Channel #2] original dial target is: \"localhost:8081\"" system=system
time="27.02.2023 01:16:52" level=info msg="[core] [Channel #2] parsed dial target is: {Scheme:localhost Authority: URL:{Scheme:localhost Opaque:8081 User: Host: Path: RawPath: OmitHost:false ForceQuery:false RawQuery: Fragment: RawFragment:}}" system=system
time="27.02.2023 01:16:52" level=info msg="[core] [Channel #2] fallback to scheme \"passthrough\"" system=system
time="27.02.2023 01:16:52" level=info msg="[core] [Channel #2] parsed dial target is: {Scheme:passthrough Authority: URL:{Scheme:passthrough Opaque: User: Host: Path:/localhost:8081 RawPath: OmitHost:false ForceQuery:false RawQuery: Fragment: RawFragment:}}" system=system
time="27.02.2023 01:16:52" level=info msg="[core] [Channel #2] Channel authority set to \"localhost:8081\"" system=system
time="27.02.2023 01:16:52" level=info msg="[core] [Channel #2] Resolver state updated: {\n  \"Addresses\": [\n    {\n      \"Addr\": \"localhost:8081\",\n      \"ServerName\": \"\",\n      \"Attributes\": null,\n      \"BalancerAttributes\": null,\n      \"Type\": 0,\n      \"Metadata\": null\n    }\n  ],\n  \"ServiceConfig\": null,\n  \"Attributes\": null\n} (resolver returned new addresses)" system=system
time="27.02.2023 01:16:52" level=info msg="[core] [Channel #2] Channel switches to new LB policy \"pick_first\"" system=system
time="27.02.2023 01:16:52" level=info msg="[core] [Channel #2 SubChannel #3] Subchannel created" system=system
time="27.02.2023 01:16:52" level=info msg="[core] [Channel #2] Channel Connectivity change to CONNECTING" system=system
time="27.02.2023 01:16:52" level=info msg="[core] [Server #1 ListenSocket #4] ListenSocket created" system=system
time="27.02.2023 01:16:52" level=info msg="[core] [Channel #2 SubChannel #3] Subchannel Connectivity change to CONNECTING" system=system
time="27.02.2023 01:16:52" level=info msg="[core] [Channel #2 SubChannel #3] Subchannel picks a new address \"localhost:8081\" to connect" system=system
time="27.02.2023 01:16:52" level=info msg="[core] pickfirstBalancer: UpdateSubConnState: 0xc000012630, {CONNECTING <nil>}" system=system
time="27.02.2023 01:16:52" level=info msg="[core] Creating new client transport to \"{\\n  \\\"Addr\\\": \\\"localhost:8081\\\",\\n  \\\"ServerName\\\": \\\"localhost:8081\\\",\\n  \\\"Attributes\\\": null,\\n  \\\"BalancerAttributes\\\": null,\\n  \\\"Type\\\": 0,\\n  \\\"Metadata\\\": null\\n}\": connection error: desc = \"transport: Error while dialing: dial tcp 127.0.0.1:8081: connect: connection refused\"" system=system
time="27.02.2023 01:16:52" level=warning msg="[core] [Channel #2 SubChannel #3] grpc: addrConn.createTransport failed to connect to {\n  \"Addr\": \"localhost:8081\",\n  \"ServerName\": \"localhost:8081\",\n  \"Attributes\": null,\n  \"BalancerAttributes\": null,\n  \"Type\": 0,\n  \"Metadata\": null\n}. Err: connection error: desc = \"transport: Error while dialing: dial tcp 127.0.0.1:8081: connect: connection refused\"" system=system
time="27.02.2023 01:16:52" level=info msg="[core] [Channel #2 SubChannel #3] Subchannel Connectivity change to TRANSIENT_FAILURE" system=system
time="27.02.2023 01:16:52" level=info msg="[core] pickfirstBalancer: UpdateSubConnState: 0xc000012630, {TRANSIENT_FAILURE connection error: desc = \"transport: Error while dialing: dial tcp 127.0.0.1:8081: connect: connection refused\"}" system=system
time="27.02.2023 01:16:52" level=info msg="[core] [Channel #2] Channel Connectivity change to TRANSIENT_FAILURE" system=system
time="27.02.2023 01:16:53" level=info msg="[core] [Channel #2 SubChannel #3] Subchannel Connectivity change to IDLE" system=system
time="27.02.2023 01:16:53" level=info msg="[core] pickfirstBalancer: UpdateSubConnState: 0xc000012630, {IDLE connection error: desc = \"transport: Error while dialing: dial tcp 127.0.0.1:8081: connect: connection refused\"}" system=system
time="27.02.2023 01:16:53" level=info msg="[core] [Channel #2] Channel Connectivity change to IDLE" system=system
time="27.02.2023 01:16:58" level=info msg="[core] [Server #1] Server created" system=system
time="27.02.2023 01:16:58" level=info msg="[core] [Channel #2] Channel created" system=system
time="27.02.2023 01:16:58" level=info msg="[core] [Channel #2] original dial target is: \"localhost:8081\"" system=system
time="27.02.2023 01:16:58" level=info msg="[core] [Channel #2] parsed dial target is: {Scheme:localhost Authority: URL:{Scheme:localhost Opaque:8081 User: Host: Path: RawPath: OmitHost:false ForceQuery:false RawQuery: Fragment: RawFragment:}}" system=system
time="27.02.2023 01:16:58" level=info msg="[core] [Channel #2] fallback to scheme \"passthrough\"" system=system
time="27.02.2023 01:16:58" level=info msg="[core] [Channel #2] parsed dial target is: {Scheme:passthrough Authority: URL:{Scheme:passthrough Opaque: User: Host: Path:/localhost:8081 RawPath: OmitHost:false ForceQuery:false RawQuery: Fragment: RawFragment:}}" system=system
time="27.02.2023 01:16:58" level=info msg="[core] [Channel #2] Channel authority set to \"localhost:8081\"" system=system
time="27.02.2023 01:16:58" level=info msg="[core] [Channel #2] Resolver state updated: {\n  \"Addresses\": [\n    {\n      \"Addr\": \"localhost:8081\",\n      \"ServerName\": \"\",\n      \"Attributes\": null,\n      \"BalancerAttributes\": null,\n      \"Type\": 0,\n      \"Metadata\": null\n    }\n  ],\n  \"ServiceConfig\": null,\n  \"Attributes\": null\n} (resolver returned new addresses)" system=system
time="27.02.2023 01:16:58" level=info msg="[core] [Channel #2] Channel switches to new LB policy \"pick_first\"" system=system
time="27.02.2023 01:16:58" level=info msg="[core] [Channel #2 SubChannel #3] Subchannel created" system=system
time="27.02.2023 01:16:58" level=info msg="[core] [Channel #2] Channel Connectivity change to CONNECTING" system=system
time="27.02.2023 01:16:58" level=error msg="cannot bind server: listen tcp :8082: bind: address already in use"
time="27.02.2023 01:16:58" level=info msg="[core] [Channel #2 SubChannel #3] Subchannel Connectivity change to CONNECTING" system=system
time="27.02.2023 01:16:58" level=info msg="[core] [Channel #2 SubChannel #3] Subchannel picks a new address \"localhost:8081\" to connect" system=system
time="27.02.2023 01:16:58" level=info msg="[core] pickfirstBalancer: UpdateSubConnState: 0xc0002d2690, {CONNECTING <nil>}" system=system
time="27.02.2023 01:16:58" level=info msg="[core] Creating new client transport to \"{\\n  \\\"Addr\\\": \\\"localhost:8081\\\",\\n  \\\"ServerName\\\": \\\"localhost:8081\\\",\\n  \\\"Attributes\\\": null,\\n  \\\"BalancerAttributes\\\": null,\\n  \\\"Type\\\": 0,\\n  \\\"Metadata\\\": null\\n}\": connection error: desc = \"transport: Error while dialing: dial tcp 127.0.0.1:8081: connect: connection refused\"" system=system
time="27.02.2023 01:16:58" level=warning msg="[core] [Channel #2 SubChannel #3] grpc: addrConn.createTransport failed to connect to {\n  \"Addr\": \"localhost:8081\",\n  \"ServerName\": \"localhost:8081\",\n  \"Attributes\": null,\n  \"BalancerAttributes\": null,\n  \"Type\": 0,\n  \"Metadata\": null\n}. Err: connection error: desc = \"transport: Error while dialing: dial tcp 127.0.0.1:8081: connect: connection refused\"" system=system
time="27.02.2023 01:16:58" level=info msg="[core] [Channel #2 SubChannel #3] Subchannel Connectivity change to TRANSIENT_FAILURE" system=system
time="27.02.2023 01:16:58" level=info msg="[core] pickfirstBalancer: UpdateSubConnState: 0xc0002d2690, {TRANSIENT_FAILURE connection error: desc = \"transport: Error while dialing: dial tcp 127.0.0.1:8081: connect: connection refused\"}" system=system
time="27.02.2023 01:16:58" level=info msg="[core] [Channel #2] Channel Connectivity change to TRANSIENT_FAILURE" system=system
time="27.02.2023 01:16:59" level=info msg="[core] [Channel #2 SubChannel #3] Subchannel Connectivity change to IDLE" system=system
time="27.02.2023 01:16:59" level=info msg="[core] pickfirstBalancer: UpdateSubConnState: 0xc0002d2690, {IDLE connection error: desc = \"transport: Error while dialing: dial tcp 127.0.0.1:8081: connect: connection refused\"}" system=system
time="27.02.2023 01:16:59" level=info msg="[core] [Channel #2] Channel Connectivity change to IDLE" system=system
time="27.02.2023 01:17:03" level=info msg="finished unary call with code OK" grpc.code=OK grpc.method=GetAllUsers grpc.service=user.UserService grpc.start_time="2023-02-27T01:17:03+03:00" grpc.time_ms=2.161 peer.address="127.0.0.1:55056" span.kind=server system=grpc
time="27.02.2023 01:18:27" level=info msg="[transport] transport: closing: EOF" system=system
time="27.02.2023 01:18:27" level=info msg="[transport] transport: loopyWriter exited. Closing connection. Err: transport closed by client" system=system
time="27.02.2023 01:19:34" level=info msg="[core] [Channel #2 SubChannel #3] Subchannel Connectivity change to CONNECTING" system=system
time="27.02.2023 01:19:34" level=info msg="[core] [Channel #2 SubChannel #3] Subchannel picks a new address \"localhost:8081\" to connect" system=system
time="27.02.2023 01:19:34" level=info msg="[core] pickfirstBalancer: UpdateSubConnState: 0xc000012630, {CONNECTING <nil>}" system=system
time="27.02.2023 01:19:34" level=info msg="[core] [Channel #2] Channel Connectivity change to CONNECTING" system=system
time="27.02.2023 01:19:34" level=info msg="[core] Creating new client transport to \"{\\n  \\\"Addr\\\": \\\"localhost:8081\\\",\\n  \\\"ServerName\\\": \\\"localhost:8081\\\",\\n  \\\"Attributes\\\": null,\\n  \\\"BalancerAttributes\\\": null,\\n  \\\"Type\\\": 0,\\n  \\\"Metadata\\\": null\\n}\": connection error: desc = \"transport: Error while dialing: dial tcp 127.0.0.1:8081: connect: connection refused\"" system=system
time="27.02.2023 01:19:34" level=warning msg="[core] [Channel #2 SubChannel #3] grpc: addrConn.createTransport failed to connect to {\n  \"Addr\": \"localhost:8081\",\n  \"ServerName\": \"localhost:8081\",\n  \"Attributes\": null,\n  \"BalancerAttributes\": null,\n  \"Type\": 0,\n  \"Metadata\": null\n}. Err: connection error: desc = \"transport: Error while dialing: dial tcp 127.0.0.1:8081: connect: connection refused\"" system=system
time="27.02.2023 01:19:34" level=info msg="[core] [Channel #2 SubChannel #3] Subchannel Connectivity change to TRANSIENT_FAILURE" system=system
time="27.02.2023 01:19:34" level=info msg="[core] pickfirstBalancer: UpdateSubConnState: 0xc000012630, {TRANSIENT_FAILURE connection error: desc = \"transport: Error while dialing: dial tcp 127.0.0.1:8081: connect: connection refused\"}" system=system
time="27.02.2023 01:19:34" level=info msg="[core] [Channel #2] Channel Connectivity change to TRANSIENT_FAILURE" system=system
time="27.02.2023 01:19:34" level=error msg="finished unary call with code Unknown" error="can't register user: rpc error: code = Unavailable desc = connection error: desc = \"transport: Error while dialing: dial tcp 127.0.0.1:8081: connect: connection refused\"" grpc.code=Unknown grpc.method=CreateUser grpc.service=user.UserService grpc.start_time="2023-02-27T01:19:34+03:00" grpc.time_ms=0.753 peer.address="127.0.0.1:45844" span.kind=server system=grpc
time="27.02.2023 01:19:35" level=info msg="[core] [Channel #2 SubChannel #3] Subchannel Connectivity change to IDLE" system=system
time="27.02.2023 01:19:35" level=info msg="[core] pickfirstBalancer: UpdateSubConnState: 0xc000012630, {IDLE connection error: desc = \"transport: Error while dialing: dial tcp 127.0.0.1:8081: connect: connection refused\"}" system=system
time="27.02.2023 01:19:35" level=info msg="[core] [Channel #2] Channel Connectivity change to IDLE" system=system
time="05.03.2023 19:05:49" level=info msg="[core] [Server #1] Server created" system=system
time="05.03.2023 19:05:49" level=info msg="[core] [Server #1 ListenSocket #2] ListenSocket created" system=system
time="05.03.2023 19:06:46" level=info msg="finished unary call with code OK" grpc.code=OK grpc.method=GetAllProjects grpc.service=project.ProjectService grpc.start_time="2023-03-05T19:06:46+03:00" grpc.time_ms=2.329 peer.address="127.0.0.1:53826" span.kind=server system=grpc
time="05.03.2023 19:07:40" level=info msg="finished unary call with code OK" grpc.code=OK grpc.method=CreateProject grpc.service=project.ProjectService grpc.start_time="2023-03-05T19:07:40+03:00" grpc.time_ms=10.201 peer.address="127.0.0.1:53826" span.kind=server system=grpc
time="05.03.2023 19:07:56" level=info msg="finished unary call with code OK" grpc.code=OK grpc.method=CreateProject grpc.service=project.ProjectService grpc.start_time="2023-03-05T19:07:56+03:00" grpc.time_ms=0.025 peer.address="127.0.0.1:53826" span.kind=server system=grpc
time="05.03.2023 19:08:06" level=info msg="finished unary call with code OK" grpc.code=OK grpc.method=CreateProject grpc.service=project.ProjectService grpc.start_time="2023-03-05T19:08:06+03:00" grpc.time_ms=0.029 peer.address="127.0.0.1:53826" span.kind=server system=grpc
time="05.03.2023 19:08:22" level=info msg="finished unary call with code OK" grpc.code=OK grpc.method=CreateProject grpc.service=project.ProjectService grpc.start_time="2023-03-05T19:08:22+03:00" grpc.time_ms=0.029 peer.address="127.0.0.1:53826" span.kind=server system=grpc
time="05.03.2023 19:08:39" level=info msg="finished unary call with code OK" grpc.code=OK grpc.method=CreateProject grpc.service=project.ProjectService grpc.start_time="2023-03-05T19:08:39+03:00" grpc.time_ms=0.027 peer.address="127.0.0.1:53826" span.kind=server system=grpc
time="05.03.2023 19:12:52" level=info msg="finished unary call with code OK" grpc.code=OK grpc.method=CreateProject grpc.service=project.ProjectService grpc.start_time="2023-03-05T19:12:52+03:00" grpc.time_ms=0.061 peer.address="127.0.0.1:53826" span.kind=server system=grpc
time="05.03.2023 19:13:05" level=info msg="finished unary call with code OK" grpc.code=OK grpc.method=CreateProject grpc.service=project.ProjectService grpc.start_time="2023-03-05T19:13:05+03:00" grpc.time_ms=0.042 peer.address="127.0.0.1:53826" span.kind=server system=grpc
time="05.03.2023 19:13:13" level=info msg="finished unary call with code OK" grpc.code=OK grpc.method=CreateProject grpc.service=project.ProjectService grpc.start_time="2023-03-05T19:13:13+03:00" grpc.time_ms=0.029 peer.address="127.0.0.1:53826" span.kind=server system=grpc
time="05.03.2023 19:13:31" level=info msg="[core] [Server #1] Server created" system=system
time="05.03.2023 19:13:31" level=info msg="[core] [Server #1 ListenSocket #2] ListenSocket created" system=system
time="05.03.2023 19:13:35" level=info msg="finished unary call with code OK" grpc.code=OK grpc.method=CreateProject grpc.service=project.ProjectService grpc.start_time="2023-03-05T19:13:35+03:00" grpc.time_ms=10.941 peer.address="127.0.0.1:39606" span.kind=server system=grpc
time="05.03.2023 19:13:46" level=info msg="finished unary call with code OK" grpc.code=OK grpc.method=CreateProject grpc.service=project.ProjectService grpc.start_time="2023-03-05T19:13:46+03:00" grpc.time_ms=0.032 peer.address="127.0.0.1:39606" span.kind=server system=grpc
time="05.03.2023 19:16:02" level=error msg="finished unary call with code Unknown" error="can't get all projects: can't get all projects: conn busy" grpc.code=Unknown grpc.method=GetAllProjects grpc.service=project.ProjectService grpc.start_time="2023-03-05T19:16:02+03:00" grpc.time_ms=0.084 peer.address="127.0.0.1:39606" span.kind=server system=grpc
time="05.03.2023 19:16:57" level=info msg="[core] [Server #1] Server created" system=system
time="05.03.2023 19:16:57" level=info msg="[core] [Server #1 ListenSocket #2] ListenSocket created" system=system
time="05.03.2023 19:17:17" level=info msg="[core] [Server #1] Server created" system=system
time="05.03.2023 19:17:17" level=info msg="[core] [Server #1 ListenSocket #2] ListenSocket created" system=system
time="05.03.2023 19:17:27" level=info msg="[core] [Server #1] Server created" system=system
time="05.03.2023 19:17:27" level=info msg="[core] [Server #1 ListenSocket #2] ListenSocket created" system=system
time="05.03.2023 19:17:51" level=info msg="[core] [Server #1] Server created" system=system
time="05.03.2023 19:17:51" level=info msg="[core] [Server #1 ListenSocket #2] ListenSocket created" system=system
time="05.03.2023 19:18:10" level=info msg="finished unary call with code OK" grpc.code=OK grpc.method=GetAllProjects grpc.service=project.ProjectService grpc.start_time="2023-03-05T19:18:10+03:00" grpc.time_ms=2.252 peer.address="127.0.0.1:52098" span.kind=server system=grpc
time="05.03.2023 19:18:18" level=info msg="finished unary call with code OK" grpc.code=OK grpc.method=CreateProject grpc.service=project.ProjectService grpc.start_time="2023-03-05T19:18:18+03:00" grpc.time_ms=48.814 peer.address="127.0.0.1:52098" span.kind=server system=grpc
time="05.03.2023 19:18:20" level=info msg="finished unary call with code OK" grpc.code=OK grpc.method=CreateProject grpc.service=project.ProjectService grpc.start_time="2023-03-05T19:18:20+03:00" grpc.time_ms=1.276 peer.address="127.0.0.1:52098" span.kind=server system=grpc
time="05.03.2023 19:18:29" level=info msg="finished unary call with code OK" grpc.code=OK grpc.method=CreateProject grpc.service=project.ProjectService grpc.start_time="2023-03-05T19:18:29+03:00" grpc.time_ms=8.291 peer.address="127.0.0.1:52098" span.kind=server system=grpc
time="05.03.2023 19:18:42" level=info msg="finished unary call with code OK" grpc.code=OK grpc.method=CreateProject grpc.service=project.ProjectService grpc.start_time="2023-03-05T19:18:42+03:00" grpc.time_ms=8.337 peer.address="127.0.0.1:52098" span.kind=server system=grpc
time="05.03.2023 19:52:48" level=info msg="[core] [Server #1] Server created" system=system
time="05.03.2023 19:52:48" level=info msg="[core] [Server #1 ListenSocket #2] ListenSocket created" system=system
time="05.03.2023 19:58:22" level=info msg="finished unary call with code OK" grpc.code=OK grpc.method=GetAllProjects grpc.service=project.ProjectService grpc.start_time="2023-03-05T19:58:22+03:00" grpc.time_ms=2.196 peer.address="127.0.0.1:55476" span.kind=server system=grpc
time="05.03.2023 20:01:19" level=info msg="finished unary call with code OK" grpc.code=OK grpc.method=CreateProject grpc.service=project.ProjectService grpc.start_time="2023-03-05T20:01:19+03:00" grpc.time_ms=9.098 peer.address="127.0.0.1:55476" span.kind=server system=grpc
time="05.03.2023 20:01:30" level=info msg="finished unary call with code OK" grpc.code=OK grpc.method=CreateProject grpc.service=project.ProjectService grpc.start_time="2023-03-05T20:01:30+03:00" grpc.time_ms=0.453 peer.address="127.0.0.1:55476" span.kind=server system=grpc
time="05.03.2023 20:04:08" level=info msg="finished unary call with code OK" grpc.code=OK grpc.method=CreateProject grpc.service=project.ProjectService grpc.start_time="2023-03-05T20:04:08+03:00" grpc.time_ms=0.322 peer.address="127.0.0.1:55476" span.kind=server system=grpc
time="05.03.2023 20:05:31" level=info msg="finished unary call with code OK" grpc.code=OK grpc.method=CreateProject grpc.service=project.ProjectService grpc.start_time="2023-03-05T20:05:31+03:00" grpc.time_ms=0.274 peer.address="127.0.0.1:55476" span.kind=server system=grpc
time="05.03.2023 20:05:52" level=info msg="[core] [Server #1] Server created" system=system
time="05.03.2023 20:05:52" level=info msg="[core] [Server #1 ListenSocket #2] ListenSocket created" system=system
time="05.03.2023 20:05:56" level=info msg="finished unary call with code OK" grpc.code=OK grpc.method=CreateProject grpc.service=project.ProjectService grpc.start_time="2023-03-05T20:05:56+03:00" grpc.time_ms=1.61 peer.address="127.0.0.1:57404" span.kind=server system=grpc
time="05.03.2023 20:06:35" level=info msg="[core] [Server #1] Server created" system=system
time="05.03.2023 20:06:35" level=info msg="[core] [Server #1 ListenSocket #2] ListenSocket created" system=system
time="05.03.2023 20:06:36" level=info msg="finished unary call with code OK" grpc.code=OK grpc.method=CreateProject grpc.service=project.ProjectService grpc.start_time="2023-03-05T20:06:36+03:00" grpc.time_ms=1.517 peer.address="127.0.0.1:46664" span.kind=server system=grpc
time="05.03.2023 20:06:38" level=info msg="finished unary call with code OK" grpc.code=OK grpc.method=CreateProject grpc.service=project.ProjectService grpc.start_time="2023-03-05T20:06:38+03:00" grpc.time_ms=0.385 peer.address="127.0.0.1:46664" span.kind=server system=grpc
time="05.03.2023 20:06:52" level=info msg="[core] [Server #1] Server created" system=system
time="05.03.2023 20:06:52" level=info msg="[core] [Server #1 ListenSocket #2] ListenSocket created" system=system
time="05.03.2023 20:07:06" level=info msg="finished unary call with code OK" grpc.code=OK grpc.method=CreateProject grpc.service=project.ProjectService grpc.start_time="2023-03-05T20:07:06+03:00" grpc.time_ms=1.635 peer.address="127.0.0.1:53420" span.kind=server system=grpc
time="05.03.2023 20:14:31" level=info msg="[core] [Server #1] Server created" system=system
time="05.03.2023 20:14:31" level=info msg="[core] [Server #1 ListenSocket #2] ListenSocket created" system=system
time="05.03.2023 20:14:37" level=info msg="finished unary call with code OK" grpc.code=OK grpc.method=CreateProject grpc.service=project.ProjectService grpc.start_time="2023-03-05T20:14:37+03:00" grpc.time_ms=1.413 peer.address="127.0.0.1:52120" span.kind=server system=grpc
time="05.03.2023 20:14:42" level=info msg="finished unary call with code OK" grpc.code=OK grpc.method=CreateProject grpc.service=project.ProjectService grpc.start_time="2023-03-05T20:14:42+03:00" grpc.time_ms=9.337 peer.address="127.0.0.1:52122" span.kind=server system=grpc
time="05.03.2023 20:14:49" level=info msg="finished unary call with code OK" grpc.code=OK grpc.method=CreateProject grpc.service=project.ProjectService grpc.start_time="2023-03-05T20:14:49+03:00" grpc.time_ms=0.502 peer.address="127.0.0.1:52122" span.kind=server system=grpc
time="05.03.2023 20:19:02" level=info msg="[core] [Server #1] Server created" system=system
time="05.03.2023 20:19:02" level=info msg="[core] [Server #1 ListenSocket #2] ListenSocket created" system=system
time="05.03.2023 20:19:06" level=error msg="finished unary call with code Unknown" error="can't create project: can't create project: ERROR: invalid input value for enum project_type: \"\" (SQLSTATE 22P02)" grpc.code=Unknown grpc.method=CreateProject grpc.service=project.ProjectService grpc.start_time="2023-03-05T20:19:06+03:00" grpc.time_ms=1.57 peer.address="127.0.0.1:49878" span.kind=server system=grpc
time="05.03.2023 20:26:15" level=info msg="[core] [Server #1] Server created" system=system
time="05.03.2023 20:26:15" level=info msg="[core] [Server #1 ListenSocket #2] ListenSocket created" system=system
time="05.03.2023 20:27:37" level=info msg="[core] [Server #1] Server created" system=system
time="05.03.2023 20:27:37" level=info msg="[core] [Server #1 ListenSocket #2] ListenSocket created" system=system
time="05.03.2023 20:27:42" level=error msg="finished unary call with code Unknown" error="can't get all projects: can't get all projects: number of field descriptions must equal number of destinations, got 5 and 1" grpc.code=Unknown grpc.method=GetAllProjects grpc.service=project.ProjectService grpc.start_time="2023-03-05T20:27:42+03:00" grpc.time_ms=2.794 peer.address="127.0.0.1:33264" span.kind=server system=grpc
time="05.03.2023 20:33:17" level=info msg="[core] [Server #1] Server created" system=system
time="05.03.2023 20:33:17" level=info msg="[core] [Server #1 ListenSocket #2] ListenSocket created" system=system
time="05.03.2023 20:34:23" level=info msg="[core] [Server #1] Server created" system=system
time="05.03.2023 20:34:23" level=info msg="[core] [Server #1 ListenSocket #2] ListenSocket created" system=system
time="05.03.2023 20:34:49" level=info msg="[core] [Server #1] Server created" system=system
time="05.03.2023 20:34:49" level=info msg="[core] [Server #1 ListenSocket #2] ListenSocket created" system=system
time="05.03.2023 20:34:53" level=info msg="finished unary call with code OK" grpc.code=OK grpc.method=GetAllProjects grpc.service=project.ProjectService grpc.start_time="2023-03-05T20:34:53+03:00" grpc.time_ms=2.038 peer.address="127.0.0.1:56356" span.kind=server system=grpc
time="05.03.2023 20:34:54" level=info msg="finished unary call with code OK" grpc.code=OK grpc.method=GetAllProjects grpc.service=project.ProjectService grpc.start_time="2023-03-05T20:34:54+03:00" grpc.time_ms=0.452 peer.address="127.0.0.1:56356" span.kind=server system=grpc
time="05.03.2023 20:34:55" level=info msg="finished unary call with code OK" grpc.code=OK grpc.method=GetAllProjects grpc.service=project.ProjectService grpc.start_time="2023-03-05T20:34:55+03:00" grpc.time_ms=0.444 peer.address="127.0.0.1:56356" span.kind=server system=grpc
time="05.03.2023 20:35:03" level=error msg="finished unary call with code Unknown" error="can't create project: can't create project: ERROR: invalid input value for enum project_type: \"\" (SQLSTATE 22P02)" grpc.code=Unknown grpc.method=CreateProject grpc.service=project.ProjectService grpc.start_time="2023-03-05T20:35:03+03:00" grpc.time_ms=1.043 peer.address="127.0.0.1:56356" span.kind=server system=grpc
time="05.03.2023 20:35:16" level=error msg="finished unary call with code Unknown" error="can't create project: can't create project: no rows in result set" grpc.code=Unknown grpc.method=CreateProject grpc.service=project.ProjectService grpc.start_time="2023-03-05T20:35:16+03:00" grpc.time_ms=8.717 peer.address="127.0.0.1:56356" span.kind=server system=grpc
time="05.03.2023 20:37:48" level=info msg="[core] [Server #1] Server created" system=system
time="05.03.2023 20:37:48" level=info msg="[core] [Server #1 ListenSocket #2] ListenSocket created" system=system
time="05.03.2023 20:37:52" level=error msg="finished unary call with code Unknown" error="can't create project: can't create project: number of field descriptions must equal number of destinations, got 1 and 0" grpc.code=Unknown grpc.method=CreateProject grpc.service=project.ProjectService grpc.start_time="2023-03-05T20:37:52+03:00" grpc.time_ms=10.631 peer.address="127.0.0.1:51092" span.kind=server system=grpc
time="05.03.2023 20:40:34" level=info msg="[core] [Server #1] Server created" system=system
time="05.03.2023 20:40:34" level=info msg="[core] [Server #1 ListenSocket #2] ListenSocket created" system=system
time="05.03.2023 20:40:37" level=info msg="finished unary call with code OK" grpc.code=OK grpc.method=CreateProject grpc.service=project.ProjectService grpc.start_time="2023-03-05T20:40:37+03:00" grpc.time_ms=9.973 peer.address="127.0.0.1:34886" span.kind=server system=grpc
time="05.03.2023 20:40:41" level=error msg="finished unary call with code Unknown" error="can't create project: can't create project: ERROR: invalid input value for enum project_type: \"f\" (SQLSTATE 22P02)" grpc.code=Unknown grpc.method=CreateProject grpc.service=project.ProjectService grpc.start_time="2023-03-05T20:40:41+03:00" grpc.time_ms=0.56 peer.address="127.0.0.1:34886" span.kind=server system=grpc
time="05.03.2023 20:40:55" level=info msg="[core] [Server #1] Server created" system=system
time="05.03.2023 20:40:55" level=info msg="[core] [Server #1 ListenSocket #2] ListenSocket created" system=system
time="05.03.2023 20:41:28" level=info msg="[core] [Server #1] Server created" system=system
time="05.03.2023 20:41:28" level=info msg="[core] [Server #1 ListenSocket #2] ListenSocket created" system=system
time="05.03.2023 20:41:52" level=info msg="[core] [Server #1] Server created" system=system
time="05.03.2023 20:41:52" level=info msg="[core] [Server #1 ListenSocket #2] ListenSocket created" system=system
time="05.03.2023 20:41:55" level=error msg="finished unary call with code Unknown" error="can't create project: can't create project: ERROR: invalid input value for enum project_type: \"f\" (SQLSTATE 22P02)" grpc.code=Unknown grpc.method=CreateProject grpc.service=project.ProjectService grpc.start_time="2023-03-05T20:41:55+03:00" grpc.time_ms=1.775 peer.address="127.0.0.1:46258" span.kind=server system=grpc
time="16.03.2023 00:44:50" level=info msg="[core] [Server #1] Server created" system=system
time="16.03.2023 00:44:50" level=info msg="[core] [Server #1 ListenSocket #2] ListenSocket created" system=system
time="17.03.2023 10:34:01" level=info msg="[core] [Server #1] Server created" system=system
time="17.03.2023 10:34:01" level=info msg="[core] [Server #1 ListenSocket #2] ListenSocket created" system=system
time="17.03.2023 13:05:35" level=info msg="[core] [Server #1] Server created" system=system
time="17.03.2023 13:05:35" level=info msg="[core] [Server #1 ListenSocket #2] ListenSocket created" system=system
time="17.03.2023 13:17:06" level=info msg="[core] [Server #1] Server created" system=system
time="17.03.2023 13:17:06" level=info msg="[core] [Server #1 ListenSocket #2] ListenSocket created" system=system
time="17.03.2023 13:17:12" level=info msg="finished unary call with code OK" grpc.code=OK grpc.method=GetAllTasks grpc.service=task.TaskService grpc.start_time="2023-03-17T13:17:12+03:00" grpc.time_ms=2.1 peer.address="127.0.0.1:46610" span.kind=server system=grpc
time="17.03.2023 13:17:38" level=info msg="finished unary call with code OK" grpc.code=OK grpc.method=CreateTask grpc.service=task.TaskService grpc.start_time="2023-03-17T13:17:38+03:00" grpc.time_ms=9.412 peer.address="127.0.0.1:46610" span.kind=server system=grpc
time="17.03.2023 13:17:44" level=info msg="finished unary call with code OK" grpc.code=OK grpc.method=GetAllTasks grpc.service=task.TaskService grpc.start_time="2023-03-17T13:17:44+03:00" grpc.time_ms=0.424 peer.address="127.0.0.1:46610" span.kind=server system=grpc
time="17.03.2023 13:17:56" level=info msg=""
time="17.03.2023 13:17:56" level=info msg="finished unary call with code OK" grpc.code=OK grpc.method=GetTaskById grpc.service=task.TaskService grpc.start_time="2023-03-17T13:17:56+03:00" grpc.time_ms=1.025 peer.address="127.0.0.1:46610" span.kind=server system=grpc
time="17.03.2023 13:18:15" level=info msg=""
time="17.03.2023 13:18:15" level=info msg="finished unary call with code OK" grpc.code=OK grpc.method=UpdateTask grpc.service=task.TaskService grpc.start_time="2023-03-17T13:18:15+03:00" grpc.time_ms=9.162 peer.address="127.0.0.1:46610" span.kind=server system=grpc
time="17.03.2023 13:18:26" level=info msg=""
time="17.03.2023 13:18:26" level=info msg="finished unary call with code OK" grpc.code=OK grpc.method=UpdateTask grpc.service=task.TaskService grpc.start_time="2023-03-17T13:18:26+03:00" grpc.time_ms=8.96 peer.address="127.0.0.1:46610" span.kind=server system=grpc
time="17.03.2023 13:18:27" level=info msg=""
time="17.03.2023 13:18:27" level=info msg="finished unary call with code OK" grpc.code=OK grpc.method=UpdateTask grpc.service=task.TaskService grpc.start_time="2023-03-17T13:18:27+03:00" grpc.time_ms=8.976 peer.address="127.0.0.1:46610" span.kind=server system=grpc
time="17.03.2023 13:18:33" level=info msg=""
time="17.03.2023 13:18:33" level=info msg="finished unary call with code OK" grpc.code=OK grpc.method=UpdateTask grpc.service=task.TaskService grpc.start_time="2023-03-17T13:18:33+03:00" grpc.time_ms=8.87 peer.address="127.0.0.1:46610" span.kind=server system=grpc
time="17.03.2023 13:19:40" level=info msg="[core] [Server #1] Server created" system=system
time="17.03.2023 13:19:40" level=info msg="[core] [Server #1 ListenSocket #2] ListenSocket created" system=system
